app/build/outputs/mapping/debug/seeds.txt
advance.bike.security.system.MainActivity
advance.bike.security.system.LoginActivity: LoginActivity()
advance.bike.security.system.model.AdminNoticeModel: java.lang.String getTargetUrl()
advance.bike.security.system.model.AdminNoticeModel: java.lang.String imageUrl
advance.bike.security.system.MainActivity: void onClick(android.view.View)
advance.bike.security.system.model.AdminNoticeModel
advance.bike.security.system.myreceiver.SmsReceiver
advance.bike.security.system.model.AdminNoticeModel: java.lang.String getImageUrl()
advance.bike.security.system.model.AdminNoticeModel: java.lang.String targetUrl
advance.bike.security.system.model.AdminNoticeModel: AdminNoticeModel()
advance.bike.security.system.LoginActivity
advance.bike.security.system.SettingActivity: SettingActivity()
advance.bike.security.system.model.AdminNoticeModel: void setImageUrl(java.lang.String)
advance.bike.security.system.model.AdminNoticeModel: AdminNoticeModel(java.lang.String,java.lang.String)
advance.bike.security.system.SettingActivity
advance.bike.security.system.model.AdminNoticeModel: void setTargetUrl(java.lang.String)
advance.bike.security.system.SettingActivity: void onClick(android.view.View)
advance.bike.security.system.myreceiver.SmsReceiver: SmsReceiver()
advance.bike.security.system.MainActivity: MainActivity()
advance.bike.security.system.LoginActivity: void onClick(android.view.View)
...
com.google.android.material.R$attr: int errorIconDrawable
androidx.recyclerview.R$attr: int fontProviderQuery
com.google.android.material.R$styleable: int TextInputLayout_helperTextEnabled
com.google.android.material.R$styleable: int MaterialCalendar_daySelectedStyle
com.karumi.dexter.DexterInstance$PermissionStates: java.util.Collection getDeniedPermissions()
com.karumi.dexter.R$attr: int itemIconTint
com.google.android.material.R$style: int Widget_MaterialComponents_CompoundButton_Switch
com.google.android.material.R$styleable: int MenuView_android_windowAnimationStyle
com.google.android.material.R$styleable: int AppCompatTheme_editTextStyle
androidx.appcompat.R$styleable: int ActionBar_customNavigationLayout
com.google.android.material.R$styleable: int SwitchCompat_android_textOn
com.google.android.material.R$styleable: int[] NavigationView
androidx.appcompat.R$layout: int abc_search_dropdown_item_icons_2line
com.google.android.material.R$styleable: int TextInputLayout_prefixTextAppearance
com.google.android.material.R$animator: int mtrl_extended_fab_show_motion_spec
com.google.android.material.R$drawable: int abc_list_selector_background_transition_holo_dark
com.karumi.dexter.R$attr: int spinnerStyle
com.google.android.material.R$style: int Base_TextAppearance_AppCompat_Large
androidx.coordinatorlayout.R$attr: int layout_insetEdge
androidx.appcompat.R$attr: int hideOnContentScroll
com.google.android.material.R$styleable: int BottomNavigationView_elevation
com.google.android.material.card.MaterialCardView: void setDragged(boolean)
androidx.appcompat.R$id: int action_mode_close_button
com.google.android.material.R$animator: int design_appbar_state_list_animator
androidx.appcompat.widget.AppCompatMultiAutoCompleteTextView: android.graphics.PorterDuff$Mode getSupportBackgroundTintMode()
com.google.android.material.R$style: int ThemeOverlay_MaterialComponents
androidx.appcompat.R$styleable: int[] Toolbar
com.google.android.material.floatingactionbutton.FloatingActionButton: com.google.android.material.animation.MotionSpec getHideMotionSpec()
androidx.appcompat.widget.ActionMenuView: int getWindowAnimations()
com.google.android.material.textfield.TextInputLayout: void setBoxStrokeColor(int)
com.google.android.material.R$style: int Base_Widget_AppCompat_ActionBar_Solid
com.karumi.dexter.R$styleable: int NavigationView_itemIconTint
com.karumi.dexter.DexterInstance: void checkSinglePermission(com.karumi.dexter.listener.single.PermissionListener,java.lang.String,com.karumi.dexter.Thread)
androidx.appcompat.R$dimen: int notification_subtext_size
androidx.appcompat.R$attr: int actionBarStyle
androidx.appcompat.R$dimen: int tooltip_precise_anchor_threshold
com.google.android.material.R$style: int Widget_MaterialComponents_MaterialCalendar_Day_Invalid
com.google.android.material.R$style: int Base_TextAppearance_MaterialComponents_Badge
com.google.android.material.R$styleable: int AppCompatTheme_buttonBarNegativeButtonStyle
com.google.android.material.internal.ForegroundLinearLayout: ForegroundLinearLayout(android.content.Context,android.util.AttributeSet)
com.google.android.material.R$attr: int counterOverflowTextAppearance
androidx.appcompat.R$attr: int listPreferredItemHeight
com.google.android.material.R$color: int mtrl_btn_text_btn_bg_color_selector
com.google.android.material.R$layout: int abc_screen_content_include
com.karumi.dexter.R$attr: int state_liftable
com.karumi.dexter.R$layout: int abc_list_menu_item_checkbox
com.google.android.material.R$styleable: int MaterialShape_shapeAppearance
com.google.android.material.R$attr: int fabCradleMargin
androidx.appcompat.widget.AppCompatCheckBox: android.graphics.PorterDuff$Mode getSupportBackgroundTintMode()
androidx.appcompat.R$color: int secondary_text_default_material_light
com.google.android.material.bottomappbar.BottomAppBar: void setTitle(java.lang.CharSequence)
androidx.appcompat.R$styleable: int AlertDialog_buttonPanelSideLayout