app/build/outputs/mapping/debug/mapping.txt
# compiler: R8
# compiler_version: 2.0.88
# min_api: 19
# pg_map_id: b581d28
# common_typos_disable
advance.bike.security.system.LoginActivity -> advance.bike.security.system.LoginActivity:
    android.widget.EditText passwordEditText -> t
    android.widget.TextView aboutNewPasswordTextView -> r
    boolean willSaveInputtedPassword -> u
    java.lang.String inputPassword -> q
    android.widget.Button loginButton -> s
    13:19:void <init>() -> <init>
    33:39:void initAll() -> F
    42:50:void showHideAboutNewPasswordTextView() -> G
    53:73:void startLoginOperation() -> H
    77:82:void onClick(android.view.View) -> onClick
    23:30:void onCreate(android.os.Bundle) -> onCreate
    86:89:void onResume() -> onResume
advance.bike.security.system.MainActivity -> advance.bike.security.system.MainActivity:
    androidx.constraintlayout.widget.ConstraintLayout smsOptionRootLayout -> u
    android.widget.Button lockSmsButton -> y
    advance.bike.security.system.model.AdminNoticeModel adminNoticeModel -> U
    android.widget.Button alarmOnCallButton -> P
    android.widget.Button unLockCallButton -> N
    advance.bike.security.system.MainActivity$GifStoppingThread gifStoppingThread -> a0
    android.widget.Button voiceCommandButton -> T
    java.lang.String devicePhoneNumber -> t
    android.widget.Button locationCallButton -> R
    android.widget.Button whiteListOffSmsButton -> H
    android.content.BroadcastReceiver sendBroadCastReceiver -> Y
    android.widget.Button remoteOffSmsButton -> F
    android.widget.Button vibrationSensorOnButton -> L
    android.widget.Button sensorLowSmsButton -> J
    android.speech.tts.TextToSpeech textToSpeech -> X
    android.app.PendingIntent deliveredPI -> W
    android.widget.Button locationSmsButton -> D
    com.google.firebase.database.DatabaseReference databaseReference -> q
    android.widget.RadioGroup radioGroup -> r
    android.widget.Button alarmOnSmsButton -> B
    int speechToTextRequestCode -> b0
    androidx.constraintlayout.widget.ConstraintLayout callOptionRootLayout -> v
    android.widget.ImageView adminNoticeImageView -> w
    android.widget.Button unLockSmsButton -> z
    android.widget.Button statusCallButton -> Q
advance.bike.security.system.MainActivity$1 -> advance.bike.security.system.MainActivity$a:
    advance.bike.security.system.MainActivity this$0 -> a
    164:164:void <init>(advance.bike.security.system.MainActivity) -> <init>
    175:176:void onPermissionRationaleShouldBeShown(java.util.List,com.karumi.dexter.PermissionToken) -> onPermissionRationaleShouldBeShown
    167:171:void onPermissionsChecked(com.karumi.dexter.MultiplePermissionsReport) -> onPermissionsChecked
advance.bike.security.system.MainActivity$2 -> advance.bike.security.system.MainActivity$b:
    advance.bike.security.system.MainActivity this$0 -> a
    193:193:void <init>(advance.bike.security.system.MainActivity) -> <init>
    196:207:void onInit(int) -> onInit
advance.bike.security.system.MainActivity$3 -> advance.bike.security.system.MainActivity$c:
    advance.bike.security.system.MainActivity this$0 -> a
    284:284:void <init>(advance.bike.security.system.MainActivity) -> <init>
    287:318:void onReceive(android.content.Context,android.content.Intent) -> onReceive
advance.bike.security.system.MainActivity$4 -> advance.bike.security.system.MainActivity$d:
    324:324:void <init>(advance.bike.security.system.MainActivity) -> <init>
    327:335:void onReceive(android.content.Context,android.content.Intent) -> onReceive
advance.bike.security.system.MainActivity$5 -> advance.bike.security.system.MainActivity$e:
    advance.bike.security.system.MainActivity this$0 -> a
    351:351:void <init>(advance.bike.security.system.MainActivity) -> <init>
    364:365:void onCancelled(com.google.firebase.database.DatabaseError) -> a
    354:360:void onDataChange(com.google.firebase.database.DataSnapshot) -> b
...
okio.AsyncTimeout$1 -> e.a$a:
    okio.AsyncTimeout this$0 -> d
    okio.Sink val$sink -> c
    160:160:void <init>(okio.AsyncTimeout,okio.Sink) -> <init>
    218:218:okio.Timeout timeout() -> b
    205:215:void close() -> close
    162:189:void write(okio.Buffer,long) -> e
    192:202:void flush() -> flush
    222:222:java.lang.String toString() -> toString
okio.AsyncTimeout$2 -> e.a$b:
    okio.Source val$source -> c
    okio.AsyncTimeout this$0 -> d
    232:232:void <init>(okio.AsyncTimeout,okio.Source) -> <init>
    260:260:okio.Timeout timeout() -> b
    248:257:void close() -> close
    234:243:long read(okio.Buffer,long) -> k
    264:264:java.lang.String toString() -> toString
okio.AsyncTimeout$Watchdog -> e.a$c:
    303:305:void <init>() -> <init>
    311:328:void run() -> run
okio.Base64 -> e.b:
    byte[] MAP -> a
    110:117:void <clinit>() -> <clinit>
    31:107:byte[] decode(java.lang.String) -> a
    125:125:java.lang.String encode(byte[]) -> b
    133:159:java.lang.String encode(byte[],byte[]) -> c
okio.Buffer -> e.c:
    okio.Segment head -> c
    long size -> d
    byte[] DIGITS -> e
    55:55:void <clinit>() -> <clinit>
    62:63:void <init>() -> <init>
    1323:1323:long indexOf(byte) -> A
    774:781:byte[] readByteArray(long) -> B
    1527:1527:boolean rangeEquals(long,okio.ByteString) -> C
    484:536:long readHexadecimalUnsignedLong() -> D
    97:97:okio.Buffer emitCompleteSegments() -> E
    302:313:byte getByte(long) -> F
    1335:1387:long indexOf(byte,long,long) -> G
    117:117:java.io.InputStream inputStream() -> H
    1532:1544:boolean rangeEquals(long,okio.ByteString,int,int) -> I
    798:813:int read(byte[],int,int) -> J
    767:769:byte[] readByteArray() -> K
    540:540:okio.ByteString readByteString() -> L
    789:795:void readFully(byte[]) -> M
    621:643:java.lang.String readString(long,java.nio.charset.Charset) -> N
    602:604:java.lang.String readUtf8() -> O
    609:609:java.lang.String readUtf8(long) -> P
    676:686:java.lang.String readUtf8Line(long) -> Q
    67:67:long size() -> R
    1738:1741:okio.ByteString snapshot() -> S
    1748:1749:okio.ByteString snapshot(int) -> T
    1208:1219:okio.Segment writableSegment(int) -> U
    865:867:okio.Buffer write(okio.ByteString) -> V
    1008:1009:okio.Buffer write(byte[]) -> W
    1013:1028:okio.Buffer write(byte[],int,int) -> X
    1051:1056:long writeAll(okio.Source) -> Y
    1069:1072:okio.Buffer writeByte(int) -> Z
    71:71:okio.Buffer buffer() -> a
okio.Buffer$2 -> e.c$a:
    okio.Buffer this$0 -> c
    117:117:void <init>(okio.Buffer) -> <init>
    128:128:int available() -> available
    132:132:void close() -> close
    119:120:int read() -> read
    124:124:int read(byte[],int,int) -> read
    135:135:java.lang.String toString() -> toString
okio.BufferedSink -> e.d:
    okio.Buffer buffer() -> a
    okio.BufferedSink write(byte[]) -> c
    okio.BufferedSink write(byte[],int,int) -> d
    okio.BufferedSink emitCompleteSegments() -> h
    okio.BufferedSink writeHexadecimalUnsignedLong(long) -> i
    okio.BufferedSink writeShort(int) -> o
    okio.BufferedSink writeInt(int) -> r
    okio.BufferedSink writeUtf8(java.lang.String) -> v
    okio.BufferedSink writeDecimalLong(long) -> x
    okio.BufferedSink writeByte(int) -> z
okio.BufferedSource -> e.e:
    long indexOf(byte) -> A
    byte[] readByteArray(long) -> B
    boolean rangeEquals(long,okio.ByteString) -> C
    long readHexadecimalUnsignedLong() -> D
    okio.Buffer buffer() -> a
    short readShortLe() -> g
    long readDecimalLong() -> j
    okio.ByteString readByteString(long) -> l
    java.lang.String readUtf8LineStrict(long) -> m
    void skip(long) -> n
    java.lang.String readUtf8LineStrict() -> s
    void require(long) -> u
    int readIntLe() -> w
    boolean exhausted() -> y