app/build/outputs/mapping/debug/usage.txt
advance.bike.security.system.R$dimen
advance.bike.security.system.R$plurals
advance.bike.security.system.R$interpolator
advance.bike.security.system.R$string
advance.bike.security.system.R$color
advance.bike.security.system.Utility:
    public void <init>()
    public static void setIntToStorage(android.content.Context,java.lang.String,int)
    public static int getIntFromStorage(android.content.Context,java.lang.String,int)
    public static void setBooleanToStorage(android.content.Context,java.lang.String,boolean)
    public static boolean getBooleanFromStorage(android.content.Context,java.lang.String,boolean)
advance.bike.security.system.R$mipmap
advance.bike.security.system.R$animator
advance.bike.security.system.Constants:
    public void <init>()
    public static final java.lang.String inputDeviceNumberDialogType
    public static final java.lang.String changePasswordDialogType
advance.bike.security.system.R$style
advance.bike.security.system.R$layout
advance.bike.security.system.R$styleable
advance.bike.security.system.R$bool
advance.bike.security.system.SettingActivity:
    private android.widget.Button saveDeviceNumberDialogButton
    private android.widget.Button changePasswordDialogButton
advance.bike.security.system.R$id
advance.bike.security.system.R$drawable
advance.bike.security.system.R
advance.bike.security.system.myreceiver.SmsReceiver:
    private static final java.lang.String SMS_RECEIVED
advance.bike.security.system.R$anim
advance.bike.security.system.R$xml
advance.bike.security.system.R$attr
advance.bike.security.system.BuildConfig
advance.bike.security.system.R$integer
advance.bike.security.system.Constants
advance.bike.security.system.MainActivity$4:
    public final synthetic advance.bike.security.system.MainActivity this$0
advance.bike.security.system.SettingActivity$2:
    public final synthetic advance.bike.security.system.SettingActivity this$0
...
com.google.firebase.database.core.persistence.TrackedQueryManager$2
okhttp3.Call$Factory:
    public abstract okhttp3.Call newCall(okhttp3.Request)
com.google.firebase.database.core.EventRegistration:
    public static void <clinit>()
    public boolean isUserInitiated()
    public static final synthetic boolean $assertionsDisabled
com.google.firebase.database.core.RepoInfo:
    public java.lang.String internalHost
androidx.lifecycle.Lifecycling$1:
    public final synthetic androidx.lifecycle.LifecycleEventObserver val$observer
androidx.cardview.widget.CardViewBaseImpl$1
com.google.firebase.database.tubesock.MessageBuilderFactory$TextBuilder:
    public java.nio.ByteBuffer carryOver
    public static java.lang.ThreadLocal localEncoder
com.google.firebase.database.core.Repo$23:
    public final synthetic com.google.firebase.database.core.Repo this$0
androidx.constraintlayout.solver.widgets.ConstraintWidget:
    public boolean mIsWidthWrapContent
    public boolean mIsHeightWrapContent
    public int mDrawWidth
    public int mDrawHeight
    public int mContainerItemSkip
    public boolean mHorizontalWrapVisited
    public boolean mVerticalWrapVisited
    public boolean mHorizontalChainFixedPosition
    public boolean mVerticalChainFixedPosition
    public androidx.constraintlayout.solver.widgets.ConstraintWidget mHorizontalNextWidget
    public androidx.constraintlayout.solver.widgets.ConstraintWidget mVerticalNextWidget
com.google.android.material.expandable.ExpandableWidgetHelper
com.google.android.gms.common.internal.BaseGmsClient$SignOutCallbacks:
    public abstract void onSignOutComplete()
androidx.constraintlayout.solver.widgets.ConstraintWidgetContainer:
    public int mDebugSolverPassCount
androidx.appcompat.widget.ContentFrameLayout$OnAttachListener:
    public abstract void onDetachedFromWindow()
    public abstract void onAttachedFromWindow()
com.google.android.gms.signin.internal.zaj
androidx.appcompat.app.AlertController$AlertParams$OnPrepareListViewListener
com.google.android.gms.common.api.internal.zacp
com.google.firebase.platforminfo.GlobalLibraryVersionRegistrar:
    public final java.util.Set infos
com.google.android.gms.common.GooglePlayServicesUtilLight:
    public static boolean zzah
    public static boolean zzai
    public static boolean zzaj
    public static boolean zzak
com.google.firebase.database.core.WriteTree$1:
    public final synthetic com.google.firebase.database.core.WriteTree this$0
com.google.firebase.FirebaseApiNotAvailableException
androidx.transition.TransitionSet$1:
    public final synthetic androidx.transition.TransitionSet this$0
com.google.firebase.FirebaseApp:
    public final com.google.firebase.components.Lazy dataCollectionConfigStorage
    public final java.util.List lifecycleListeners
androidx.recyclerview.widget.AdapterHelper$Callback:
    public abstract androidx.recyclerview.widget.RecyclerView$ViewHolder findViewHolder(int)
    public abstract void offsetPositionsForRemovingInvisible(int,int)
    public abstract void offsetPositionsForRemovingLaidOutOrNewView(int,int)
    public abstract void markViewHoldersUpdated(int,int,java.lang.Object)
    public abstract void onDispatchFirstPass(androidx.recyclerview.widget.AdapterHelper$UpdateOp)
    public abstract void onDispatchSecondPass(androidx.recyclerview.widget.AdapterHelper$UpdateOp)
    public abstract void offsetPositionsForAdd(int,int)
    public abstract void offsetPositionsForMove(int,int)
com.google.firebase.database.core.EventTarget:
    public abstract void postEvent(java.lang.Runnable)
    public abstract void restart()
androidx.lifecycle.MethodCallsLogger:
    public java.util.Map mCalledMethods